14:45:22    16 -->                                                             [tcl] ucliGUI::connect -toolargs -ucligui -toolexe ./simv -pid 23984 -toolin /tmp/vcs_20211103214520_23977_mzablocki..stdin -toolout /tmp/vcs_20211103214520_23977_mzablocki..stdout  
14:45:22    17 -->                                                                 [tcl] set ucliGUI::state
14:45:22    18 -->                                                                     [tcl] gui_update_simulator_buttons
14:45:23    19 -->                                                                         [tcl] set ucliGUI::state
14:45:23    20 -->                                                                             [tcl] ucliCore::getToolPID
14:45:23    21 -->                                                                                 [tcl] synopsys::env hasTB
14:45:23    22 -->                                                                                     [tcl] trigger_hier_stack_context_switch 0
14:45:23    23 -->                                                                                         [tcl] synUtils::setDVEInitPhase 1
14:45:23    24 -->                                                                                             [tcl] gui_get_env SIMSETUP::SIMVPD
14:45:23    25 --> ...  [tcl] synopsys::dump -type VPD -file /DCNFS/users/student/mzablocki/elen603/flipInvImage/flipInvImage/inter.vpd -locking
14:45:23    26 --> ...      [tcl] synopsys::dump -autoflush on -fid VPD0
14:45:23    27 --> ...          [tcl] set ::dve_fid VPD0
14:45:23    28 --> ...              [tcl] synUtils::setDVEInitPhase 0
14:45:23    29 --> ...                  [tcl] ucliCore::getToolPID
14:45:23    30 --> ...                      [tcl] synUtils::sendTool -active _icl_setToolSocket /tmp/smlnpUEi6iA
14:45:23    31 --> ...                          [tcl] synUtils::sendTool -active {_icl_start_rpc -version "P-2019.06-SP2-1_Full64" -sync_file /tmp/vcs_dve_rpc.mzablocki.23984}
14:45:23    32 --> ...                              [tcl] synUtils::sendTool -active {_icl_createSharedMemory /tmp/vcs_dve_general.mzablocki.23984}
14:45:24    33 --> ...                                  [tcl] dveMisc::vbusExpand testbench
14:45:24    34 --> ...                                      [tcl] config endofsim noexit
14:45:24    35 --> ...                                          [tcl] config onfail enable all
14:45:24    36 --> ...                                              [tcl] config syscaddplainmembers
14:45:24    37 --> ...                                                  [tcl] config syscaddsourcenames
14:45:24    38 --> ...                                                      [tcl] config syscaddstructtypes
14:45:24    39 --> ...                                                          [tcl] synopsys::listing -disable
14:45:30    40 --> ...                                                              [tcl] synopsys::run
14:45:30    41 --> ...                                                                  [tcl] set ucliGUI::state
14:45:30    42 --> ...                                                                      [tcl] gui_update_simulator_buttons
14:45:30    43 --> ...                                                                          [tcl] set ucliGUI::state
14:45:30    44 --> ...                                                                              [tcl] gui_update_simulator_buttons
14:45:33    45 --> ...                                                                                  [tcl] set synopsys::env(time) 177463445
14:45:36    46 --> ...                                                                                      [tcl] set synopsys::env(time) 359348080
14:45:39    47 --> ...                                                                                          [tcl] set synopsys::env(time) 542281230
14:45:40    48 --> ...                                                                                              [tcl] ucliCore::getToolPID
14:45:40    49 --> ...                                                                                                  [tcl] ucliCore::stopTool -no_signal
14:45:40    50 --> ...  [tcl] set ucliGUI::state
14:45:40    51 --> ...      [tcl] set ucliGUI::state
14:45:40    52 --> ...          [tcl] catch {senv activeDomain} dveMisc::result 
14:45:40    53 --> ...              [tcl] set dveMisc::result
14:45:40    54 --> ...                  [tcl] gui_update_simulator_buttons
14:45:41    55 --> ...                      [tcl] if [catch {gui_sim_terminate}] {gui_sim_terminate -kill}
14:45:41    56 --> ...                          [tcl] synopsys::finish
14:45:41    57 --> ...                              [tcl] set ucliGUI::state
14:45:41    58 --> ...                                  [tcl] gui_update_simulator_buttons
14:45:41    59 --> ...                                      [tcl] set ucliGUI::state
14:45:41    60 --> ...                                          [tcl] catch {senv activeDomain} dveMisc::result 
14:45:41    61 --> ...                                              [tcl] set dveMisc::result
14:45:41    62 --> ...                                                  [tcl] gui_update_simulator_buttons
14:45:41    63 --> ...                                                      [tcl] catch {senv activeDomain} dveMisc::result 
14:45:41    64 --> ...                                                          [tcl] set dveMisc::result
14:45:41    65 --> ...                                                              [tcl] ucli_exit
